\BOOKMARK [0][-]{chapter*.1}{\376\377\000A\000b\000s\000t\000r\000a\000c\000t}{}% 1
\BOOKMARK [0][-]{chapter.1}{\376\377\000I\000n\000t\000r\000o\000d\000u\000c\000t\000i\000o\000n}{}% 2
\BOOKMARK [1][-]{section.1.1}{\376\377\000T\000h\000e\000\040\000S\000t\000.\000\040\000P\000e\000t\000e\000r\000s\000b\000u\000r\000g\000\040\000P\000a\000r\000a\000d\000o\000x\000\040\000a\000n\000d\000\040\000t\000h\000e\000\040\000B\000i\000r\000t\000h\000\040\000o\000f\000\040\000D\000e\000c\000i\000s\000i\000o\000n\000\040\000T\000h\000e\000o\000r\000y}{chapter.1}% 3
\BOOKMARK [2][-]{subsection.1.1.1}{\376\377\000B\000e\000r\000n\000o\000u\000l\000l\000i\000'\000s\000\040\000R\000e\000s\000o\000l\000u\000t\000i\000o\000n\000:\000\040\000T\000h\000e\000\040\000L\000o\000g\000a\000r\000i\000t\000h\000m\000i\000c\000\040\000U\000t\000i\000l\000i\000t\000y}{section.1.1}% 4
\BOOKMARK [2][-]{subsection.1.1.2}{\376\377\000F\000r\000o\000m\000\040\000B\000e\000r\000n\000o\000u\000l\000l\000i\000\040\000t\000o\000\040\000K\000e\000l\000l\000y\000:\000\040\000T\000h\000e\000\040\000I\000n\000f\000o\000r\000m\000a\000t\000i\000o\000n\000-\000T\000h\000e\000o\000r\000e\000t\000i\000c\000\040\000C\000o\000n\000n\000e\000c\000t\000i\000o\000n}{section.1.1}% 5
\BOOKMARK [1][-]{section.1.2}{\376\377\000T\000h\000e\000\040\000K\000e\000l\000l\000y\000-\000R\000u\000i\000n\000\040\000P\000a\000r\000a\000d\000o\000x}{chapter.1}% 6
\BOOKMARK [2][-]{subsection.1.2.1}{\376\377\000T\000h\000e\000\040\000V\000o\000l\000a\000t\000i\000l\000i\000t\000y\000\040\000o\000f\000\040\000L\000o\000g\000a\000r\000i\000t\000h\000m\000i\000c\000\040\000G\000r\000o\000w\000t\000h}{section.1.2}% 7
\BOOKMARK [2][-]{subsection.1.2.2}{\376\377\000T\000h\000e\000\040\000H\000e\000a\000v\000y\000-\000T\000a\000i\000l\000e\000d\000\040\000C\000a\000t\000a\000s\000t\000r\000o\000p\000h\000e}{section.1.2}% 8
\BOOKMARK [2][-]{subsection.1.2.3}{\376\377\000N\000o\000n\000-\000S\000t\000a\000t\000i\000o\000n\000a\000r\000i\000t\000y\000:\000\040\000T\000h\000e\000\040\000R\000e\000g\000i\000m\000e\000-\000S\000w\000i\000t\000c\000h\000i\000n\000g\000\040\000R\000e\000a\000l\000i\000t\000y}{section.1.2}% 9
\BOOKMARK [1][-]{section.1.3}{\376\377\000R\000e\000s\000e\000a\000r\000c\000h\000\040\000Q\000u\000e\000s\000t\000i\000o\000n\000s}{chapter.1}% 10
\BOOKMARK [2][-]{subsection.1.3.1}{\376\377\000Q\000u\000e\000s\000t\000i\000o\000n\000\040\0001\000:\000\040\000I\000n\000f\000o\000r\000m\000a\000t\000i\000o\000n\000\040\000G\000e\000o\000m\000e\000t\000r\000y\000\040\000o\000f\000\040\000R\000e\000g\000i\000m\000e\000\040\000D\000e\000t\000e\000c\000t\000i\000o\000n}{section.1.3}% 11
\BOOKMARK [2][-]{subsection.1.3.2}{\376\377\000Q\000u\000e\000s\000t\000i\000o\000n\000\040\0002\000:\000\040\000S\000t\000o\000c\000h\000a\000s\000t\000i\000c\000\040\000S\000t\000a\000b\000i\000l\000i\000t\000y\000\040\000u\000n\000d\000e\000r\000\040\000I\000n\000f\000i\000n\000i\000t\000e\000\040\000V\000a\000r\000i\000a\000n\000c\000e}{section.1.3}% 12
\BOOKMARK [2][-]{subsection.1.3.3}{\376\377\000Q\000u\000e\000s\000t\000i\000o\000n\000\040\0003\000:\000\040\000T\000h\000e\000\040\000I\000m\000p\000o\000s\000s\000i\000b\000i\000l\000i\000t\000y\000\040\000T\000h\000e\000o\000r\000e\000m}{section.1.3}% 13
\BOOKMARK [1][-]{section.1.4}{\376\377\000T\000h\000e\000s\000i\000s\000\040\000O\000v\000e\000r\000v\000i\000e\000w}{chapter.1}% 14
\BOOKMARK [0][-]{chapter.2}{\376\377\000L\000i\000t\000e\000r\000a\000t\000u\000r\000e\000\040\000R\000e\000v\000i\000e\000w}{}% 15
\BOOKMARK [1][-]{section.2.1}{\376\377\000T\000h\000e\000\040\000I\000n\000f\000o\000r\000m\000a\000t\000i\000o\000n\000\040\000T\000h\000e\000o\000r\000y\000\040\000S\000c\000h\000o\000o\000l}{chapter.2}% 16
\BOOKMARK [2][-]{subsection.2.1.1}{\376\377\000K\000e\000l\000l\000y\000'\000s\000\040\000O\000r\000i\000g\000i\000n\000a\000l\000\040\000I\000n\000s\000i\000g\000h\000t}{section.2.1}% 17
\BOOKMARK [2][-]{subsection.2.1.2}{\376\377\000B\000r\000e\000i\000m\000a\000n\000'\000s\000\040\000R\000i\000g\000o\000r\000o\000u\000s\000\040\000P\000r\000o\000o\000f\000s}{section.2.1}% 18
\BOOKMARK [2][-]{subsection.2.1.3}{\376\377\000T\000h\000o\000r\000p\000'\000s\000\040\000P\000r\000a\000c\000t\000i\000c\000a\000l\000\040\000A\000p\000p\000l\000i\000c\000a\000t\000i\000o\000n\000s}{section.2.1}% 19
\BOOKMARK [1][-]{section.2.2}{\376\377\000T\000h\000e\000\040\000E\000c\000o\000n\000o\000m\000i\000c\000s\000\040\000S\000c\000h\000o\000o\000l\000:\000\040\000S\000a\000m\000u\000e\000l\000s\000o\000n\000'\000s\000\040\000C\000r\000i\000t\000i\000q\000u\000e}{chapter.2}% 20
\BOOKMARK [2][-]{subsection.2.2.1}{\376\377\000T\000h\000e\000\040\000F\000a\000l\000l\000a\000c\000y\000\040\000o\000f\000\040\000t\000h\000e\000\040\000G\000e\000o\000m\000e\000t\000r\000i\000c\000\040\000M\000e\000a\000n}{section.2.2}% 21
\BOOKMARK [2][-]{subsection.2.2.2}{\376\377\000T\000h\000e\000\040\000L\000a\000w\000\040\000o\000f\000\040\000L\000a\000r\000g\000e\000\040\000N\000u\000m\000b\000e\000r\000s\000\040\000F\000a\000l\000l\000a\000c\000y}{section.2.2}% 22
\BOOKMARK [2][-]{subsection.2.2.3}{\376\377\000T\000h\000e\000\040\000P\000e\000r\000s\000i\000s\000t\000e\000n\000c\000e\000\040\000o\000f\000\040\000D\000r\000a\000w\000d\000o\000w\000n\000s}{section.2.2}% 23
\BOOKMARK [1][-]{section.2.3}{\376\377\000S\000y\000n\000t\000h\000e\000s\000i\000s\000:\000\040\000R\000i\000s\000k\000-\000C\000o\000n\000s\000t\000r\000a\000i\000n\000e\000d\000\040\000K\000e\000l\000l\000y}{chapter.2}% 24
\BOOKMARK [2][-]{subsection.2.3.1}{\376\377\000T\000h\000e\000\040\000B\000u\000s\000s\000e\000t\000i\000-\000R\000y\000u\000-\000B\000o\000y\000d\000\040\000F\000r\000a\000m\000e\000w\000o\000r\000k}{section.2.3}% 25
\BOOKMARK [2][-]{subsection.2.3.2}{\376\377\000E\000x\000t\000e\000n\000s\000i\000o\000n\000s\000:\000\040\000C\000V\000a\000R\000\040\000a\000n\000d\000\040\000M\000u\000l\000t\000i\000-\000P\000e\000r\000i\000o\000d}{section.2.3}% 26
\BOOKMARK [2][-]{subsection.2.3.3}{\376\377\000L\000i\000m\000i\000t\000a\000t\000i\000o\000n\000s\000:\000\040\000S\000t\000a\000t\000i\000o\000n\000a\000r\000i\000t\000y\000\040\000a\000n\000d\000\040\000G\000a\000u\000s\000s\000i\000a\000n\000i\000t\000y}{section.2.3}% 27
\BOOKMARK [1][-]{section.2.4}{\376\377\000T\000h\000e\000\040\000G\000a\000p\000:\000\040\000L\000e\000a\000r\000n\000i\000n\000g\000\040\000a\000n\000d\000\040\000R\000i\000s\000k\000\040\000M\000a\000n\000a\000g\000e\000m\000e\000n\000t}{chapter.2}% 28
\BOOKMARK [1][-]{section.2.5}{\376\377\000H\000i\000s\000t\000o\000r\000i\000c\000a\000l\000\040\000C\000o\000n\000t\000e\000x\000t\000:\000\040\000T\000h\000e\000\040\000K\000e\000l\000l\000y\000-\000S\000a\000m\000u\000e\000l\000s\000o\000n\000\040\000D\000e\000b\000a\000t\000e}{chapter.2}% 29
\BOOKMARK [0][-]{chapter.3}{\376\377\000M\000a\000t\000h\000e\000m\000a\000t\000i\000c\000a\000l\000\040\000F\000o\000u\000n\000d\000a\000t\000i\000o\000n\000s}{}% 30
\BOOKMARK [1][-]{section.3.1}{\376\377\000T\000h\000e\000\040\000P\000r\000o\000b\000a\000b\000i\000l\000i\000t\000y\000\040\000S\000p\000a\000c\000e\000\040\000a\000n\000d\000\040\000F\000i\000l\000t\000r\000a\000t\000i\000o\000n}{chapter.3}% 31
\BOOKMARK [2][-]{subsection.3.1.1}{\376\377\000F\000o\000r\000m\000a\000l\000\040\000S\000e\000t\000u\000p}{section.3.1}% 32
\BOOKMARK [2][-]{subsection.3.1.2}{\376\377\000T\000h\000e\000\040\000A\000s\000s\000e\000t\000\040\000R\000e\000t\000u\000r\000n\000\040\000P\000r\000o\000c\000e\000s\000s}{section.3.1}% 33
\BOOKMARK [1][-]{section.3.2}{\376\377\000H\000e\000a\000v\000y\000-\000T\000a\000i\000l\000e\000d\000\040\000D\000i\000s\000t\000r\000i\000b\000u\000t\000i\000o\000n\000s\000\040\000a\000n\000d\000\040\000I\000n\000f\000i\000n\000i\000t\000e\000\040\000V\000a\000r\000i\000a\000n\000c\000e}{chapter.3}% 34
\BOOKMARK [2][-]{subsection.3.2.1}{\376\377\000T\000h\000e\000\040\000S\000t\000u\000d\000e\000n\000t\000-\000t\000\040\000D\000i\000s\000t\000r\000i\000b\000u\000t\000i\000o\000n}{section.3.2}% 35
\BOOKMARK [2][-]{subsection.3.2.2}{\376\377\000I\000m\000p\000l\000i\000c\000a\000t\000i\000o\000n\000s\000\040\000f\000o\000r\000\040\000R\000i\000s\000k\000\040\000M\000a\000n\000a\000g\000e\000m\000e\000n\000t}{section.3.2}% 36
\BOOKMARK [1][-]{section.3.3}{\376\377\000B\000a\000y\000e\000s\000i\000a\000n\000\040\000I\000n\000f\000e\000r\000e\000n\000c\000e\000\040\000a\000s\000\040\000a\000\040\000M\000a\000r\000t\000i\000n\000g\000a\000l\000e}{chapter.3}% 37
\BOOKMARK [2][-]{subsection.3.3.1}{\376\377\000T\000h\000e\000\040\000P\000o\000s\000t\000e\000r\000i\000o\000r\000\040\000P\000r\000o\000c\000e\000s\000s}{section.3.3}% 38
\BOOKMARK [1][-]{section.3.4}{\376\377\000I\000n\000t\000e\000r\000a\000c\000t\000i\000n\000g\000\040\000P\000a\000r\000t\000i\000c\000l\000e\000\040\000S\000y\000s\000t\000e\000m\000s\000\040\000a\000n\000d\000\040\000P\000h\000a\000s\000e\000\040\000T\000r\000a\000n\000s\000i\000t\000i\000o\000n\000s}{chapter.3}% 39
\BOOKMARK [2][-]{subsection.3.4.1}{\376\377\000M\000a\000r\000k\000e\000t\000s\000\040\000a\000s\000\040\000V\000o\000t\000e\000r\000\040\000M\000o\000d\000e\000l\000s}{section.3.4}% 40
\BOOKMARK [2][-]{subsection.3.4.2}{\376\377\000T\000h\000e\000\040\000I\000s\000i\000n\000g\000\040\000M\000o\000d\000e\000l\000\040\000a\000n\000d\000\040\000H\000e\000r\000d\000i\000n\000g}{section.3.4}% 41
\BOOKMARK [2][-]{subsection.3.4.3}{\376\377\000M\000a\000r\000k\000e\000t\000\040\000C\000r\000a\000s\000h\000e\000s\000\040\000a\000s\000\040\000P\000h\000a\000s\000e\000\040\000T\000r\000a\000n\000s\000i\000t\000i\000o\000n\000s}{section.3.4}% 42
\BOOKMARK [2][-]{subsection.3.4.4}{\376\377\000T\000h\000e\000\040\000H\000M\000M\000\040\000a\000s\000\040\000a\000\040\000P\000h\000a\000s\000e\000\040\000T\000r\000a\000n\000s\000i\000t\000i\000o\000n\000\040\000D\000e\000t\000e\000c\000t\000o\000r}{section.3.4}% 43
\BOOKMARK [1][-]{section.3.5}{\376\377\000S\000u\000m\000m\000a\000r\000y}{chapter.3}% 44
\BOOKMARK [0][-]{chapter.4}{\376\377\000M\000e\000t\000h\000o\000d\000o\000l\000o\000g\000y}{}% 45
\BOOKMARK [1][-]{section.4.1}{\376\377\000T\000h\000e\000\040\000S\000t\000a\000n\000d\000a\000r\000d\000\040\000H\000M\000M\000\040\000f\000o\000r\000\040\000R\000e\000g\000i\000m\000e\000\040\000D\000e\000t\000e\000c\000t\000i\000o\000n}{chapter.4}% 46
\BOOKMARK [2][-]{subsection.4.1.1}{\376\377\000M\000o\000d\000e\000l\000\040\000S\000p\000e\000c\000i\000f\000i\000c\000a\000t\000i\000o\000n}{section.4.1}% 47
\BOOKMARK [2][-]{subsection.4.1.2}{\376\377\000T\000h\000e\000\040\000F\000o\000r\000w\000a\000r\000d\000\040\000A\000l\000g\000o\000r\000i\000t\000h\000m}{section.4.1}% 48
\BOOKMARK [2][-]{subsection.4.1.3}{\376\377\000L\000i\000m\000i\000t\000a\000t\000i\000o\000n\000s\000\040\000o\000f\000\040\000R\000e\000t\000u\000r\000n\000-\000O\000n\000l\000y\000\040\000O\000b\000s\000e\000r\000v\000a\000t\000i\000o\000n\000s}{section.4.1}% 49
\BOOKMARK [1][-]{section.4.2}{\376\377\000I\000n\000f\000o\000r\000m\000a\000t\000i\000o\000n\000-\000T\000h\000e\000o\000r\000e\000t\000i\000c\000\040\000A\000n\000a\000l\000y\000s\000i\000s}{chapter.4}% 50
\BOOKMARK [2][-]{subsection.4.2.1}{\376\377\000T\000h\000e\000\040\000K\000u\000l\000l\000b\000a\000c\000k\000-\000L\000e\000i\000b\000l\000e\000r\000\040\000D\000i\000v\000e\000r\000g\000e\000n\000c\000e}{section.4.2}% 51
\BOOKMARK [2][-]{subsection.4.2.2}{\376\377\000K\000L\000\040\000D\000i\000v\000e\000r\000g\000e\000n\000c\000e\000\040\000f\000o\000r\000\040\000G\000a\000u\000s\000s\000i\000a\000n\000\040\000D\000i\000s\000t\000r\000i\000b\000u\000t\000i\000o\000n\000s}{section.4.2}% 52
\BOOKMARK [1][-]{section.4.3}{\376\377\000T\000h\000e\000\040\000V\000o\000l\000a\000t\000i\000l\000i\000t\000y\000-\000A\000u\000g\000m\000e\000n\000t\000e\000d\000\040\000O\000b\000s\000e\000r\000v\000a\000t\000i\000o\000n}{chapter.4}% 53
\BOOKMARK [2][-]{subsection.4.3.1}{\376\377\000A\000u\000g\000m\000e\000n\000t\000e\000d\000\040\000O\000b\000s\000e\000r\000v\000a\000t\000i\000o\000n\000\040\000V\000e\000c\000t\000o\000r}{section.4.3}% 54
\BOOKMARK [2][-]{subsection.4.3.2}{\376\377\000G\000a\000m\000m\000a\000\040\000D\000i\000s\000t\000r\000i\000b\000u\000t\000i\000o\000n\000\040\000f\000o\000r\000\040\000V\000o\000l\000a\000t\000i\000l\000i\000t\000y}{section.4.3}% 55
\BOOKMARK [2][-]{subsection.4.3.3}{\376\377\000K\000L\000\040\000D\000i\000v\000e\000r\000g\000e\000n\000c\000e\000\040\000f\000o\000r\000\040\000G\000a\000m\000m\000a\000\040\000D\000i\000s\000t\000r\000i\000b\000u\000t\000i\000o\000n\000s}{section.4.3}% 56
\BOOKMARK [2][-]{subsection.4.3.4}{\376\377\000T\000o\000t\000a\000l\000\040\000I\000n\000f\000o\000r\000m\000a\000t\000i\000o\000n\000\040\000G\000a\000i\000n}{section.4.3}% 57
\BOOKMARK [1][-]{section.4.4}{\376\377\000C\000U\000S\000U\000M\000\040\000C\000h\000a\000n\000g\000e\000-\000P\000o\000i\000n\000t\000\040\000D\000e\000t\000e\000c\000t\000i\000o\000n}{chapter.4}% 58
\BOOKMARK [2][-]{subsection.4.4.1}{\376\377\000T\000h\000e\000\040\000C\000U\000S\000U\000M\000\040\000S\000t\000a\000t\000i\000s\000t\000i\000c}{section.4.4}% 59
\BOOKMARK [2][-]{subsection.4.4.2}{\376\377\000I\000n\000t\000e\000g\000r\000a\000t\000i\000o\000n\000\040\000w\000i\000t\000h\000\040\000H\000M\000M}{section.4.4}% 60
\BOOKMARK [1][-]{section.4.5}{\376\377\000L\000o\000g\000-\000S\000p\000a\000c\000e\000\040\000I\000m\000p\000l\000e\000m\000e\000n\000t\000a\000t\000i\000o\000n}{chapter.4}% 61
\BOOKMARK [2][-]{subsection.4.5.1}{\376\377\000N\000u\000m\000e\000r\000i\000c\000a\000l\000\040\000S\000t\000a\000b\000i\000l\000i\000t\000y}{section.4.5}% 62
\BOOKMARK [1][-]{section.4.6}{\376\377\000C\000o\000n\000n\000e\000c\000t\000i\000o\000n\000\040\000t\000o\000\040\000H\000a\000m\000i\000l\000t\000o\000n\000i\000a\000n\000\040\000M\000o\000n\000t\000e\000\040\000C\000a\000r\000l\000o}{chapter.4}% 63
\BOOKMARK [2][-]{subsection.4.6.1}{\376\377\000P\000a\000r\000a\000m\000e\000t\000e\000r\000\040\000E\000s\000t\000i\000m\000a\000t\000i\000o\000n}{section.4.6}% 64
\BOOKMARK [1][-]{section.4.7}{\376\377\000S\000u\000m\000m\000a\000r\000y}{chapter.4}% 65
\BOOKMARK [0][-]{chapter.5}{\376\377\000R\000i\000s\000k\000-\000C\000o\000n\000s\000t\000r\000a\000i\000n\000e\000d\000\040\000O\000p\000t\000i\000m\000i\000z\000a\000t\000i\000o\000n}{}% 66
\BOOKMARK [1][-]{section.5.1}{\376\377\000T\000h\000e\000\040\000C\000P\000P\000I\000\040\000F\000r\000a\000m\000e\000w\000o\000r\000k}{chapter.5}% 67
\BOOKMARK [2][-]{subsection.5.1.1}{\376\377\000C\000o\000n\000s\000t\000a\000n\000t\000\040\000P\000r\000o\000p\000o\000r\000t\000i\000o\000n\000\040\000P\000o\000r\000t\000f\000o\000l\000i\000o\000\040\000I\000n\000s\000u\000r\000a\000n\000c\000e}{section.5.1}% 68
\BOOKMARK [2][-]{subsection.5.1.2}{\376\377\000T\000h\000e\000\040\000C\000P\000P\000I\000\040\000D\000e\000c\000i\000s\000i\000o\000n\000\040\000R\000u\000l\000e}{section.5.1}% 69
\BOOKMARK [2][-]{subsection.5.1.3}{\376\377\000C\000o\000n\000t\000i\000n\000u\000o\000u\000s\000-\000T\000i\000m\000e\000\040\000G\000u\000a\000r\000a\000n\000t\000e\000e}{section.5.1}% 70
\BOOKMARK [1][-]{section.5.2}{\376\377\000G\000a\000p\000\040\000R\000i\000s\000k\000\040\000i\000n\000\040\000D\000i\000s\000c\000r\000e\000t\000e\000\040\000T\000i\000m\000e}{chapter.5}% 71
\BOOKMARK [2][-]{subsection.5.2.1}{\376\377\000T\000h\000e\000\040\000F\000l\000o\000o\000r\000\040\000B\000r\000e\000a\000c\000h\000\040\000P\000r\000o\000b\000l\000e\000m}{section.5.2}% 72
\BOOKMARK [2][-]{subsection.5.2.2}{\376\377\000G\000a\000p\000\040\000R\000i\000s\000k\000\040\000U\000n\000d\000e\000r\000\040\000S\000t\000u\000d\000e\000n\000t\000-\000t}{section.5.2}% 73
\BOOKMARK [2][-]{subsection.5.2.3}{\376\377\000M\000i\000t\000i\000g\000a\000t\000i\000n\000g\000\040\000G\000a\000p\000\040\000R\000i\000s\000k}{section.5.2}% 74
\BOOKMARK [1][-]{section.5.3}{\376\377\000T\000h\000e\000\040\000I\000m\000p\000o\000s\000s\000i\000b\000i\000l\000i\000t\000y\000\040\000T\000h\000e\000o\000r\000e\000m}{chapter.5}% 75
\BOOKMARK [2][-]{subsection.5.3.1}{\376\377\000S\000t\000a\000t\000e\000m\000e\000n\000t}{section.5.3}% 76
\BOOKMARK [2][-]{subsection.5.3.2}{\376\377\000I\000n\000t\000e\000r\000p\000r\000e\000t\000a\000t\000i\000o\000n}{section.5.3}% 77
\BOOKMARK [2][-]{subsection.5.3.3}{\376\377\000T\000h\000e\000\040\000E\000f\000f\000i\000c\000i\000e\000n\000t\000\040\000F\000r\000o\000n\000t\000i\000e\000r\000\040\000o\000f\000\040\000S\000u\000r\000v\000i\000v\000a\000l}{section.5.3}% 78
\BOOKMARK [1][-]{section.5.4}{\376\377\000R\000i\000s\000k\000-\000C\000o\000n\000s\000t\000r\000a\000i\000n\000e\000d\000\040\000K\000e\000l\000l\000y\000\040\000O\000p\000t\000i\000m\000i\000z\000a\000t\000i\000o\000n}{chapter.5}% 79
\BOOKMARK [2][-]{subsection.5.4.1}{\376\377\000T\000h\000e\000\040\000O\000p\000t\000i\000m\000i\000z\000a\000t\000i\000o\000n\000\040\000P\000r\000o\000b\000l\000e\000m}{section.5.4}% 80
\BOOKMARK [2][-]{subsection.5.4.2}{\376\377\000H\000e\000a\000v\000y\000-\000T\000a\000i\000l\000e\000d\000\040\000C\000o\000m\000p\000l\000i\000c\000a\000t\000i\000o\000n\000s}{section.5.4}% 81
\BOOKMARK [1][-]{section.5.5}{\376\377\000I\000n\000t\000e\000g\000r\000a\000t\000i\000o\000n\000:\000\040\000T\000h\000e\000\040\000T\000h\000r\000e\000e\000-\000L\000a\000y\000e\000r\000\040\000D\000e\000f\000e\000n\000s\000e}{chapter.5}% 82
\BOOKMARK [1][-]{section.5.6}{\376\377\000S\000u\000m\000m\000a\000r\000y}{chapter.5}% 83
\BOOKMARK [0][-]{chapter.6}{\376\377\000R\000e\000s\000u\000l\000t\000s}{}% 84
\BOOKMARK [1][-]{section.6.1}{\376\377\000E\000x\000p\000e\000r\000i\000m\000e\000n\000t\000a\000l\000\040\000S\000e\000t\000u\000p}{chapter.6}% 85
\BOOKMARK [2][-]{subsection.6.1.1}{\376\377\000S\000i\000m\000u\000l\000a\000t\000i\000o\000n\000\040\000A\000r\000c\000h\000i\000t\000e\000c\000t\000u\000r\000e}{section.6.1}% 86
\BOOKMARK [1][-]{section.6.2}{\376\377\000D\000e\000t\000e\000c\000t\000i\000o\000n\000\040\000P\000e\000r\000f\000o\000r\000m\000a\000n\000c\000e}{chapter.6}% 87
\BOOKMARK [2][-]{subsection.6.2.1}{\376\377\000H\000M\000M\000\040\000S\000e\000n\000s\000i\000t\000i\000v\000i\000t\000y\000\040\000A\000n\000a\000l\000y\000s\000i\000s}{section.6.2}% 88
\BOOKMARK [2][-]{subsection.6.2.2}{\376\377\000T\000h\000e\000\040\000V\000o\000l\000a\000t\000i\000l\000i\000t\000y\000\040\000`\000`\000S\000u\000p\000e\000r\000-\000S\000i\000g\000n\000a\000l\000'\000'}{section.6.2}% 89
\BOOKMARK [1][-]{section.6.3}{\376\377\000T\000h\000e\000\040\000A\000n\000a\000t\000o\000m\000y\000\040\000o\000f\000\040\000a\000\040\000C\000r\000a\000s\000h}{chapter.6}% 90
\BOOKMARK [2][-]{subsection.6.3.1}{\376\377\000S\000i\000n\000g\000l\000e\000-\000T\000r\000a\000j\000e\000c\000t\000o\000r\000y\000\040\000V\000i\000s\000u\000a\000l\000i\000z\000a\000t\000i\000o\000n}{section.6.3}% 91
\BOOKMARK [2][-]{subsection.6.3.2}{\376\377\000D\000e\000t\000e\000c\000t\000i\000o\000n\000\040\000L\000a\000g\000\040\000D\000i\000s\000t\000r\000i\000b\000u\000t\000i\000o\000n}{section.6.3}% 92
\BOOKMARK [1][-]{section.6.4}{\376\377\000C\000o\000m\000p\000a\000r\000a\000t\000i\000v\000e\000\040\000P\000e\000r\000f\000o\000r\000m\000a\000n\000c\000e}{chapter.6}% 93
\BOOKMARK [2][-]{subsection.6.4.1}{\376\377\000S\000t\000u\000d\000e\000n\000t\000-\000t\000\040\000S\000t\000r\000e\000s\000s\000\040\000T\000e\000s\000t}{section.6.4}% 94
\BOOKMARK [2][-]{subsection.6.4.2}{\376\377\000S\000u\000r\000v\000i\000v\000a\000l\000\040\000R\000a\000t\000e\000s\000\040\000A\000c\000r\000o\000s\000s\000\040\000T\000a\000i\000l\000\040\000P\000a\000r\000a\000m\000e\000t\000e\000r\000s}{section.6.4}% 95
\BOOKMARK [1][-]{section.6.5}{\376\377\000T\000h\000e\000\040\000E\000f\000f\000i\000c\000i\000e\000n\000t\000\040\000F\000r\000o\000n\000t\000i\000e\000r\000\040\000o\000f\000\040\000S\000u\000r\000v\000i\000v\000a\000l}{chapter.6}% 96
\BOOKMARK [2][-]{subsection.6.5.1}{\376\377\000V\000i\000s\000u\000a\000l\000i\000z\000a\000t\000i\000o\000n}{section.6.5}% 97
\BOOKMARK [2][-]{subsection.6.5.2}{\376\377\000Q\000u\000a\000n\000t\000i\000f\000y\000i\000n\000g\000\040\000t\000h\000e\000\040\000C\000o\000s\000t\000\040\000o\000f\000\040\000S\000u\000r\000v\000i\000v\000a\000l}{section.6.5}% 98
\BOOKMARK [1][-]{section.6.6}{\376\377\000R\000o\000b\000u\000s\000t\000n\000e\000s\000s\000\040\000C\000h\000e\000c\000k\000s}{chapter.6}% 99
\BOOKMARK [2][-]{subsection.6.6.1}{\376\377\000S\000e\000n\000s\000i\000t\000i\000v\000i\000t\000y\000\040\000t\000o\000\040\000V\000o\000l\000\040\000W\000i\000n\000d\000o\000w\000\040\000L\000e\000n\000g\000t\000h}{section.6.6}% 100
\BOOKMARK [2][-]{subsection.6.6.2}{\376\377\000S\000e\000n\000s\000i\000t\000i\000v\000i\000t\000y\000\040\000t\000o\000\040\000C\000U\000S\000U\000M\000\040\000P\000a\000r\000a\000m\000e\000t\000e\000r\000s}{section.6.6}% 101
\BOOKMARK [1][-]{section.6.7}{\376\377\000S\000u\000m\000m\000a\000r\000y\000\040\000o\000f\000\040\000E\000x\000p\000e\000r\000i\000m\000e\000n\000t\000a\000l\000\040\000F\000i\000n\000d\000i\000n\000g\000s}{chapter.6}% 102
\BOOKMARK [0][-]{chapter.7}{\376\377\000C\000o\000n\000c\000l\000u\000s\000i\000o\000n}{}% 103
\BOOKMARK [1][-]{section.7.1}{\376\377\000S\000u\000m\000m\000a\000r\000y\000\040\000o\000f\000\040\000C\000o\000n\000t\000r\000i\000b\000u\000t\000i\000o\000n\000s}{chapter.7}% 104
\BOOKMARK [2][-]{subsection.7.1.1}{\376\377\000T\000h\000e\000o\000r\000e\000t\000i\000c\000a\000l\000\040\000C\000o\000n\000t\000r\000i\000b\000u\000t\000i\000o\000n\000s}{section.7.1}% 105
\BOOKMARK [2][-]{subsection.7.1.2}{\376\377\000M\000e\000t\000h\000o\000d\000o\000l\000o\000g\000i\000c\000a\000l\000\040\000C\000o\000n\000t\000r\000i\000b\000u\000t\000i\000o\000n\000s}{section.7.1}% 106
\BOOKMARK [2][-]{subsection.7.1.3}{\376\377\000E\000m\000p\000i\000r\000i\000c\000a\000l\000\040\000C\000o\000n\000t\000r\000i\000b\000u\000t\000i\000o\000n\000s}{section.7.1}% 107
\BOOKMARK [1][-]{section.7.2}{\376\377\000R\000e\000l\000a\000t\000i\000o\000n\000\040\000t\000o\000\040\000P\000r\000i\000o\000r\000\040\000W\000o\000r\000k}{chapter.7}% 108
\BOOKMARK [1][-]{section.7.3}{\376\377\000I\000m\000p\000l\000i\000c\000a\000t\000i\000o\000n\000s\000\040\000f\000o\000r\000\040\000P\000r\000a\000c\000t\000i\000c\000e}{chapter.7}% 109
\BOOKMARK [2][-]{subsection.7.3.1}{\376\377\000F\000o\000r\000\040\000P\000o\000r\000t\000f\000o\000l\000i\000o\000\040\000M\000a\000n\000a\000g\000e\000r\000s}{section.7.3}% 110
\BOOKMARK [2][-]{subsection.7.3.2}{\376\377\000F\000o\000r\000\040\000R\000i\000s\000k\000\040\000M\000a\000n\000a\000g\000e\000r\000s}{section.7.3}% 111
\BOOKMARK [1][-]{section.7.4}{\376\377\000L\000i\000m\000i\000t\000a\000t\000i\000o\000n\000s}{chapter.7}% 112
\BOOKMARK [2][-]{subsection.7.4.1}{\376\377\000M\000o\000d\000e\000l\000i\000n\000g\000\040\000A\000s\000s\000u\000m\000p\000t\000i\000o\000n\000s}{section.7.4}% 113
\BOOKMARK [2][-]{subsection.7.4.2}{\376\377\000C\000o\000m\000p\000u\000t\000a\000t\000i\000o\000n\000a\000l\000\040\000L\000i\000m\000i\000t\000a\000t\000i\000o\000n\000s}{section.7.4}% 114
\BOOKMARK [1][-]{section.7.5}{\376\377\000F\000u\000t\000u\000r\000e\000\040\000W\000o\000r\000k}{chapter.7}% 115
\BOOKMARK [2][-]{subsection.7.5.1}{\376\377\000M\000u\000l\000t\000i\000-\000A\000s\000s\000e\000t\000\040\000E\000x\000t\000e\000n\000s\000i\000o\000n}{section.7.5}% 116
\BOOKMARK [2][-]{subsection.7.5.2}{\376\377\000C\000o\000n\000t\000i\000n\000u\000o\000u\000s\000-\000T\000i\000m\000e\000\040\000F\000o\000r\000m\000u\000l\000a\000t\000i\000o\000n}{section.7.5}% 117
\BOOKMARK [2][-]{subsection.7.5.3}{\376\377\000B\000a\000y\000e\000s\000i\000a\000n\000\040\000P\000a\000r\000a\000m\000e\000t\000e\000r\000\040\000L\000e\000a\000r\000n\000i\000n\000g}{section.7.5}% 118
\BOOKMARK [2][-]{subsection.7.5.4}{\376\377\000R\000e\000i\000n\000f\000o\000r\000c\000e\000m\000e\000n\000t\000\040\000L\000e\000a\000r\000n\000i\000n\000g\000\040\000C\000o\000m\000p\000a\000r\000i\000s\000o\000n}{section.7.5}% 119
\BOOKMARK [1][-]{section.7.6}{\376\377\000C\000o\000n\000c\000l\000u\000d\000i\000n\000g\000\040\000R\000e\000m\000a\000r\000k\000s}{chapter.7}% 120
\BOOKMARK [0][-]{appendix*.25}{\376\377\000K\000u\000l\000l\000b\000a\000c\000k\000-\000L\000e\000i\000b\000l\000e\000r\000\040\000D\000i\000v\000e\000r\000g\000e\000n\000c\000e\000\040\000D\000e\000r\000i\000v\000a\000t\000i\000o\000n\000s}{}% 121
\BOOKMARK [1][-]{section.Alph0.1}{\376\377\000G\000a\000u\000s\000s\000i\000a\000n\000\040\000K\000L\000\040\000D\000i\000v\000e\000r\000g\000e\000n\000c\000e}{appendix*.25}% 122
\BOOKMARK [1][-]{section.Alph0.2}{\376\377\000G\000a\000m\000m\000a\000\040\000K\000L\000\040\000D\000i\000v\000e\000r\000g\000e\000n\000c\000e}{appendix*.25}% 123
\BOOKMARK [1][-]{section.Alph0.3}{\376\377\000N\000u\000m\000e\000r\000i\000c\000a\000l\000\040\000V\000e\000r\000i\000f\000i\000c\000a\000t\000i\000o\000n}{appendix*.25}% 124
\BOOKMARK [0][-]{appendix*.26}{\376\377\000M\000a\000r\000t\000i\000n\000g\000a\000l\000e\000\040\000P\000r\000o\000o\000f\000s}{}% 125
\BOOKMARK [1][-]{section.Alph0.4}{\376\377\000P\000r\000e\000l\000i\000m\000i\000n\000a\000r\000y\000\040\000D\000e\000f\000i\000n\000i\000t\000i\000o\000n\000s}{appendix*.26}% 126
\BOOKMARK [1][-]{section.Alph0.5}{\376\377\000P\000o\000s\000t\000e\000r\000i\000o\000r\000\040\000B\000e\000l\000i\000e\000f\000s\000\040\000a\000s\000\040\000L\000e\000v\000y\000\040\000M\000a\000r\000t\000i\000n\000g\000a\000l\000e}{appendix*.26}% 127
\BOOKMARK [1][-]{section.Alph0.6}{\376\377\000A\000p\000p\000l\000i\000c\000a\000t\000i\000o\000n\000\040\000t\000o\000\040\000H\000M\000M\000\040\000P\000o\000s\000t\000e\000r\000i\000o\000r\000s}{appendix*.26}% 128
\BOOKMARK [1][-]{section.Alph0.7}{\376\377\000T\000h\000e\000\040\000C\000u\000r\000r\000e\000n\000t\000-\000S\000t\000a\000t\000e\000\040\000P\000o\000s\000t\000e\000r\000i\000o\000r}{appendix*.26}% 129
\BOOKMARK [1][-]{section.Alph0.8}{\376\377\000W\000e\000a\000l\000t\000h\000\040\000P\000r\000o\000c\000e\000s\000s\000\040\000M\000a\000r\000t\000i\000n\000g\000a\000l\000e\000\040\000P\000r\000o\000p\000e\000r\000t\000i\000e\000s}{appendix*.26}% 130
\BOOKMARK [0][-]{appendix*.27}{\376\377\000I\000m\000p\000l\000e\000m\000e\000n\000t\000a\000t\000i\000o\000n\000\040\000C\000o\000d\000e}{}% 131
\BOOKMARK [1][-]{section.Alph0.9}{\376\377\000V\000o\000l\000a\000t\000i\000l\000i\000t\000y\000-\000A\000u\000g\000m\000e\000n\000t\000e\000d\000\040\000H\000M\000M}{appendix*.27}% 132
\BOOKMARK [1][-]{section.Alph0.10}{\376\377\000R\000i\000s\000k\000-\000C\000o\000n\000s\000t\000r\000a\000i\000n\000e\000d\000\040\000K\000e\000l\000l\000y\000\040\000A\000g\000e\000n\000t}{appendix*.27}% 133
\BOOKMARK [1][-]{section.Alph0.11}{\376\377\000S\000t\000u\000d\000e\000n\000t\000-\000t\000\040\000E\000n\000v\000i\000r\000o\000n\000m\000e\000n\000t}{appendix*.27}% 134
\BOOKMARK [1][-]{section.Alph0.12}{\376\377\000M\000o\000n\000t\000e\000\040\000C\000a\000r\000l\000o\000\040\000S\000i\000m\000u\000l\000a\000t\000i\000o\000n}{appendix*.27}% 135
